  [1m[35m (686.4ms)[0m  [1m[35mCREATE DATABASE "our_favorites_development" ENCODING = 'unicode'[0m
  [1m[35m (356.0ms)[0m  [1m[35mCREATE DATABASE "our_favorites_test" ENCODING = 'unicode'[0m
Started GET "/" for ::1 at 2021-08-09 14:25:36 -0700
Processing by Rails::WelcomeController#index as HTML
  Rendering /Users/learnacademy/.rvm/gems/ruby-3.0.0/gems/railties-6.1.4/lib/rails/templates/rails/welcome/index.html.erb
  Rendered /Users/learnacademy/.rvm/gems/ruby-3.0.0/gems/railties-6.1.4/lib/rails/templates/rails/welcome/index.html.erb (Duration: 19.5ms | Allocations: 522)
Completed 200 OK in 71ms (Views: 32.6ms | ActiveRecord: 0.0ms | Allocations: 4231)


Started GET "/" for ::1 at 2021-08-09 14:30:08 -0700
Processing by Rails::WelcomeController#index as HTML
  Rendering /Users/learnacademy/.rvm/gems/ruby-3.0.0/gems/railties-6.1.4/lib/rails/templates/rails/welcome/index.html.erb
  Rendered /Users/learnacademy/.rvm/gems/ruby-3.0.0/gems/railties-6.1.4/lib/rails/templates/rails/welcome/index.html.erb (Duration: 8.9ms | Allocations: 224)
Completed 200 OK in 20ms (Views: 11.6ms | ActiveRecord: 0.0ms | Allocations: 956)


Started GET "/" for ::1 at 2021-08-09 14:30:40 -0700
Processing by Rails::WelcomeController#index as HTML
  Rendering /Users/learnacademy/.rvm/gems/ruby-3.0.0/gems/railties-6.1.4/lib/rails/templates/rails/welcome/index.html.erb
  Rendered /Users/learnacademy/.rvm/gems/ruby-3.0.0/gems/railties-6.1.4/lib/rails/templates/rails/welcome/index.html.erb (Duration: 7.2ms | Allocations: 218)
Completed 200 OK in 10ms (Views: 8.5ms | ActiveRecord: 0.0ms | Allocations: 944)


Started GET "/" for ::1 at 2021-08-09 14:30:41 -0700
Processing by Rails::WelcomeController#index as HTML
  Rendering /Users/learnacademy/.rvm/gems/ruby-3.0.0/gems/railties-6.1.4/lib/rails/templates/rails/welcome/index.html.erb
  Rendered /Users/learnacademy/.rvm/gems/ruby-3.0.0/gems/railties-6.1.4/lib/rails/templates/rails/welcome/index.html.erb (Duration: 0.6ms | Allocations: 46)
Completed 200 OK in 3ms (Views: 1.6ms | ActiveRecord: 0.0ms | Allocations: 412)


Started GET "/" for ::1 at 2021-08-09 14:30:42 -0700
Processing by Rails::WelcomeController#index as HTML
  Rendering /Users/learnacademy/.rvm/gems/ruby-3.0.0/gems/railties-6.1.4/lib/rails/templates/rails/welcome/index.html.erb
  Rendered /Users/learnacademy/.rvm/gems/ruby-3.0.0/gems/railties-6.1.4/lib/rails/templates/rails/welcome/index.html.erb (Duration: 0.4ms | Allocations: 46)
Completed 200 OK in 2ms (Views: 1.1ms | ActiveRecord: 0.0ms | Allocations: 410)


Started GET "/main" for ::1 at 2021-08-09 14:30:46 -0700
  
ActionController::RoutingError (No route matches [GET] "/main"):
  
Started GET "/" for ::1 at 2021-08-09 14:30:57 -0700
Processing by Rails::WelcomeController#index as HTML
  Rendering /Users/learnacademy/.rvm/gems/ruby-3.0.0/gems/railties-6.1.4/lib/rails/templates/rails/welcome/index.html.erb
  Rendered /Users/learnacademy/.rvm/gems/ruby-3.0.0/gems/railties-6.1.4/lib/rails/templates/rails/welcome/index.html.erb (Duration: 6.8ms | Allocations: 218)
Completed 200 OK in 10ms (Views: 8.3ms | ActiveRecord: 0.0ms | Allocations: 944)


Started GET "/" for ::1 at 2021-08-09 14:48:58 -0700
Processing by Rails::WelcomeController#index as HTML
  Rendering /Users/learnacademy/.rvm/gems/ruby-3.0.0/gems/railties-6.1.4/lib/rails/templates/rails/welcome/index.html.erb
  Rendered /Users/learnacademy/.rvm/gems/ruby-3.0.0/gems/railties-6.1.4/lib/rails/templates/rails/welcome/index.html.erb (Duration: 5.6ms | Allocations: 223)
Completed 200 OK in 9ms (Views: 7.4ms | Allocations: 949)


Started GET "/" for ::1 at 2021-08-09 14:48:58 -0700
Processing by Rails::WelcomeController#index as HTML
  Rendering /Users/learnacademy/.rvm/gems/ruby-3.0.0/gems/railties-6.1.4/lib/rails/templates/rails/welcome/index.html.erb
  Rendered /Users/learnacademy/.rvm/gems/ruby-3.0.0/gems/railties-6.1.4/lib/rails/templates/rails/welcome/index.html.erb (Duration: 0.4ms | Allocations: 46)
Completed 200 OK in 2ms (Views: 1.0ms | Allocations: 408)


Started GET "/" for ::1 at 2021-08-09 14:49:43 -0700
Processing by Rails::WelcomeController#index as HTML
  Rendering /Users/learnacademy/.rvm/gems/ruby-3.0.0/gems/railties-6.1.4/lib/rails/templates/rails/welcome/index.html.erb
  Rendered /Users/learnacademy/.rvm/gems/ruby-3.0.0/gems/railties-6.1.4/lib/rails/templates/rails/welcome/index.html.erb (Duration: 16.3ms | Allocations: 415)
Completed 200 OK in 46ms (Views: 25.6ms | ActiveRecord: 0.0ms | Allocations: 3126)


Started GET "/chris" for ::1 at 2021-08-09 14:49:49 -0700
Processing by ChrisController#chris as HTML
  Rendering layout layouts/application.html.erb
  Rendering chris/chris.html.erb within layouts/application
  Rendered chris/chris.html.erb within layouts/application (Duration: 83.3ms | Allocations: 1838)
  Rendered layout layouts/application.html.erb (Duration: 84.3ms | Allocations: 1911)
Completed 500 Internal Server Error in 96ms (ActiveRecord: 0.0ms | Allocations: 3038)


  
ActionView::Template::Error (undefined method `each' for nil:NilClass):
    1: <% @favorite.each do |value|%>
    2:     <%= value %>
    3: <% end %>
  
app/views/chris/chris.html.erb:1
Started GET "/main" for ::1 at 2021-08-09 14:51:21 -0700
  
ActionController::RoutingError (No route matches [GET] "/main"):
  
Started GET "/main" for ::1 at 2021-08-09 14:53:26 -0700
  
ActionController::RoutingError (No route matches [GET] "/main"):
  
Started GET "/" for ::1 at 2021-08-09 14:58:00 -0700
Processing by Rails::WelcomeController#index as HTML
  Rendering /Users/learnacademy/.rvm/gems/ruby-3.0.0/gems/railties-6.1.4/lib/rails/templates/rails/welcome/index.html.erb
  Rendered /Users/learnacademy/.rvm/gems/ruby-3.0.0/gems/railties-6.1.4/lib/rails/templates/rails/welcome/index.html.erb (Duration: 13.6ms | Allocations: 218)
Completed 200 OK in 21ms (Views: 15.9ms | ActiveRecord: 0.0ms | Allocations: 936)


Started GET "/chris" for ::1 at 2021-08-09 14:58:02 -0700
Processing by MainController#chris as HTML
DEPRECATION WARNING: Rendering actions with '.' in the name is deprecated: main/chris.html.erb (called from chris at /Users/learnacademy/Desktop/ruby-challenges/our_favorites/app/controllers/main_controller.rb:3)
DEPRECATION WARNING: Rendering actions with '.' in the name is deprecated: main/chris.html.erb (called from chris at /Users/learnacademy/Desktop/ruby-challenges/our_favorites/app/controllers/main_controller.rb:3)
DEPRECATION WARNING: Rendering actions with '.' in the name is deprecated: main/chris.html.erb (called from chris at /Users/learnacademy/Desktop/ruby-challenges/our_favorites/app/controllers/main_controller.rb:3)
DEPRECATION WARNING: Rendering actions with '.' in the name is deprecated: application/chris.html.erb (called from chris at /Users/learnacademy/Desktop/ruby-challenges/our_favorites/app/controllers/main_controller.rb:3)
DEPRECATION WARNING: Rendering actions with '.' in the name is deprecated: application/chris.html.erb (called from chris at /Users/learnacademy/Desktop/ruby-challenges/our_favorites/app/controllers/main_controller.rb:3)
DEPRECATION WARNING: Rendering actions with '.' in the name is deprecated: application/chris.html.erb (called from chris at /Users/learnacademy/Desktop/ruby-challenges/our_favorites/app/controllers/main_controller.rb:3)
Completed 500 Internal Server Error in 14ms (ActiveRecord: 0.0ms | Allocations: 2450)


  
ActionView::MissingTemplate (Missing template main/chris.html.erb, application/chris.html.erb with {:locale=>[:en], :formats=>[:html], :variants=>[], :handlers=>[:raw, :erb, :html, :builder, :ruby, :jbuilder]}. Searched in:
  * "/Users/learnacademy/Desktop/ruby-challenges/our_favorites/app/views"
  * "/Users/learnacademy/.rvm/gems/ruby-3.0.0/gems/actiontext-6.1.4/app/views"
  * "/Users/learnacademy/.rvm/gems/ruby-3.0.0/gems/actionmailbox-6.1.4/app/views"
):
  
app/controllers/main_controller.rb:3:in `chris'
Started GET "/" for ::1 at 2021-08-09 15:07:46 -0700
Processing by Rails::WelcomeController#index as HTML
  Rendering /Users/learnacademy/.rvm/gems/ruby-3.0.0/gems/railties-6.1.4/lib/rails/templates/rails/welcome/index.html.erb
  Rendered /Users/learnacademy/.rvm/gems/ruby-3.0.0/gems/railties-6.1.4/lib/rails/templates/rails/welcome/index.html.erb (Duration: 0.9ms | Allocations: 45)
Completed 200 OK in 6ms (Views: 4.5ms | Allocations: 404)


Started GET "/main" for ::1 at 2021-08-09 15:07:53 -0700
Processing by MainController#main as HTML
DEPRECATION WARNING: Rendering actions with '.' in the name is deprecated: main/main.html.erb (called from main at /Users/learnacademy/Desktop/ruby-challenges/our_favorites/app/controllers/main_controller.rb:3)
  Rendering layout layouts/application.html.erb
  Rendering main/main.html.erb within layouts/application
  Rendered main/main.html.erb within layouts/application (Duration: 2.9ms | Allocations: 205)
[Webpacker] Compiling...
[Webpacker] Compiled all packs in /Users/learnacademy/Desktop/ruby-challenges/our_favorites/public/packs
[Webpacker] Though the "loose" option was set to "false" in your @babel/preset-env config, it will not be used for @babel/plugin-proposal-private-property-in-object since the "loose" mode option was set to "true" for @babel/plugin-proposal-class-properties.
The "loose" option must be the same for @babel/plugin-proposal-class-properties, @babel/plugin-proposal-private-methods and @babel/plugin-proposal-private-property-in-object (when they are enabled): you can silence this warning by explicitly adding
	["@babel/plugin-proposal-private-property-in-object", { "loose": true }]
to the "plugins" section of your Babel config.
Though the "loose" option was set to "false" in your @babel/preset-env config, it will not be used for @babel/plugin-proposal-private-methods since the "loose" mode option was set to "true" for @babel/plugin-proposal-private-property-in-object.
The "loose" option must be the same for @babel/plugin-proposal-class-properties, @babel/plugin-proposal-private-methods and @babel/plugin-proposal-private-property-in-object (when they are enabled): you can silence this warning by explicitly adding
	["@babel/plugin-proposal-private-methods", { "loose": true }]
to the "plugins" section of your Babel config.
Though the "loose" option was set to "false" in your @babel/preset-env config, it will not be used for @babel/plugin-proposal-private-property-in-object since the "loose" mode option was set to "true" for @babel/plugin-proposal-class-properties.
The "loose" option must be the same for @babel/plugin-proposal-class-properties, @babel/plugin-proposal-private-methods and @babel/plugin-proposal-private-property-in-object (when they are enabled): you can silence this warning by explicitly adding
	["@babel/plugin-proposal-private-property-in-object", { "loose": true }]
to the "plugins" section of your Babel config.
Though the "loose" option was set to "false" in your @babel/preset-env config, it will not be used for @babel/plugin-proposal-private-methods since the "loose" mode option was set to "true" for @babel/plugin-proposal-private-property-in-object.
The "loose" option must be the same for @babel/plugin-proposal-class-properties, @babel/plugin-proposal-private-methods and @babel/plugin-proposal-private-property-in-object (when they are enabled): you can silence this warning by explicitly adding
	["@babel/plugin-proposal-private-methods", { "loose": true }]
to the "plugins" section of your Babel config.
Though the "loose" option was set to "false" in your @babel/preset-env config, it will not be used for @babel/plugin-proposal-private-property-in-object since the "loose" mode option was set to "true" for @babel/plugin-proposal-class-properties.
The "loose" option must be the same for @babel/plugin-proposal-class-properties, @babel/plugin-proposal-private-methods and @babel/plugin-proposal-private-property-in-object (when they are enabled): you can silence this warning by explicitly adding
	["@babel/plugin-proposal-private-property-in-object", { "loose": true }]
to the "plugins" section of your Babel config.
Though the "loose" option was set to "false" in your @babel/preset-env config, it will not be used for @babel/plugin-proposal-private-methods since the "loose" mode option was set to "true" for @babel/plugin-proposal-private-property-in-object.
The "loose" option must be the same for @babel/plugin-proposal-class-properties, @babel/plugin-proposal-private-methods and @babel/plugin-proposal-private-property-in-object (when they are enabled): you can silence this warning by explicitly adding
	["@babel/plugin-proposal-private-methods", { "loose": true }]
to the "plugins" section of your Babel config.
Though the "loose" option was set to "false" in your @babel/preset-env config, it will not be used for @babel/plugin-proposal-private-property-in-object since the "loose" mode option was set to "true" for @babel/plugin-proposal-class-properties.
The "loose" option must be the same for @babel/plugin-proposal-class-properties, @babel/plugin-proposal-private-methods and @babel/plugin-proposal-private-property-in-object (when they are enabled): you can silence this warning by explicitly adding
	["@babel/plugin-proposal-private-property-in-object", { "loose": true }]
to the "plugins" section of your Babel config.
Though the "loose" option was set to "false" in your @babel/preset-env config, it will not be used for @babel/plugin-proposal-private-methods since the "loose" mode option was set to "true" for @babel/plugin-proposal-private-property-in-object.
The "loose" option must be the same for @babel/plugin-proposal-class-properties, @babel/plugin-proposal-private-methods and @babel/plugin-proposal-private-property-in-object (when they are enabled): you can silence this warning by explicitly adding
	["@babel/plugin-proposal-private-methods", { "loose": true }]
to the "plugins" section of your Babel config.
Though the "loose" option was set to "false" in your @babel/preset-env config, it will not be used for @babel/plugin-proposal-private-property-in-object since the "loose" mode option was set to "true" for @babel/plugin-proposal-class-properties.
The "loose" option must be the same for @babel/plugin-proposal-class-properties, @babel/plugin-proposal-private-methods and @babel/plugin-proposal-private-property-in-object (when they are enabled): you can silence this warning by explicitly adding
	["@babel/plugin-proposal-private-property-in-object", { "loose": true }]
to the "plugins" section of your Babel config.
Though the "loose" option was set to "false" in your @babel/preset-env config, it will not be used for @babel/plugin-proposal-private-methods since the "loose" mode option was set to "true" for @babel/plugin-proposal-private-property-in-object.
The "loose" option must be the same for @babel/plugin-proposal-class-properties, @babel/plugin-proposal-private-methods and @babel/plugin-proposal-private-property-in-object (when they are enabled): you can silence this warning by explicitly adding
	["@babel/plugin-proposal-private-methods", { "loose": true }]
to the "plugins" section of your Babel config.
Though the "loose" option was set to "false" in your @babel/preset-env config, it will not be used for @babel/plugin-proposal-private-property-in-object since the "loose" mode option was set to "true" for @babel/plugin-proposal-class-properties.
The "loose" option must be the same for @babel/plugin-proposal-class-properties, @babel/plugin-proposal-private-methods and @babel/plugin-proposal-private-property-in-object (when they are enabled): you can silence this warning by explicitly adding
	["@babel/plugin-proposal-private-property-in-object", { "loose": true }]
to the "plugins" section of your Babel config.
Though the "loose" option was set to "false" in your @babel/preset-env config, it will not be used for @babel/plugin-proposal-private-methods since the "loose" mode option was set to "true" for @babel/plugin-proposal-private-property-in-object.
The "loose" option must be the same for @babel/plugin-proposal-class-properties, @babel/plugin-proposal-private-methods and @babel/plugin-proposal-private-property-in-object (when they are enabled): you can silence this warning by explicitly adding
	["@babel/plugin-proposal-private-methods", { "loose": true }]
to the "plugins" section of your Babel config.

[Webpacker] Hash: e2a8a876c5815bee1e21
Version: webpack 4.46.0
Time: 5978ms
Built at: 08/09/2021 3:08:06 PM
                                     Asset       Size       Chunks                         Chunk Names
    js/application-e421b4aa3f716bebdab1.js    125 KiB  application  [emitted] [immutable]  application
js/application-e421b4aa3f716bebdab1.js.map    139 KiB  application  [emitted] [dev]        application
                             manifest.json  364 bytes               [emitted]              
Entrypoint application = js/application-e421b4aa3f716bebdab1.js js/application-e421b4aa3f716bebdab1.js.map
[./app/javascript/channels sync recursive _channel\.js$] ./app/javascript/channels sync _channel\.js$ 160 bytes {application} [built]
[./app/javascript/channels/index.js] 211 bytes {application} [built]
[./app/javascript/packs/application.js] 492 bytes {application} [built]
[./node_modules/webpack/buildin/module.js] (webpack)/buildin/module.js 552 bytes {application} [built]
    + 3 hidden modules

  Rendered layout layouts/application.html.erb (Duration: 13176.8ms | Allocations: 23882)
Completed 200 OK in 13187ms (Views: 13184.8ms | Allocations: 24986)


Started GET "/chris" for ::1 at 2021-08-09 15:08:11 -0700
Processing by ChrisController#chris as HTML
DEPRECATION WARNING: Rendering actions with '.' in the name is deprecated: chris/chris.html.erb (called from chris at /Users/learnacademy/Desktop/ruby-challenges/our_favorites/app/controllers/chris_controller.rb:4)
  Rendering layout layouts/application.html.erb
  Rendering chris/chris.html.erb within layouts/application
  Rendered chris/chris.html.erb within layouts/application (Duration: 3.3ms | Allocations: 151)
[Webpacker] Everything's up-to-date. Nothing to do
  Rendered layout layouts/application.html.erb (Duration: 59.8ms | Allocations: 4367)
Completed 200 OK in 74ms (Views: 73.2ms | Allocations: 5284)


Started GET "/galadoe" for ::1 at 2021-08-09 15:08:17 -0700
Processing by GaladoeController#galadoe as HTML
DEPRECATION WARNING: Rendering actions with '.' in the name is deprecated: galadoe/galadoe.html.erb (called from galadoe at /Users/learnacademy/Desktop/ruby-challenges/our_favorites/app/controllers/galadoe_controller.rb:3)
  Rendering layout layouts/application.html.erb
  Rendering galadoe/galadoe.html.erb within layouts/application
  Rendered galadoe/galadoe.html.erb within layouts/application (Duration: 1.1ms | Allocations: 99)
[Webpacker] Everything's up-to-date. Nothing to do
  Rendered layout layouts/application.html.erb (Duration: 25.1ms | Allocations: 3676)
Completed 200 OK in 39ms (Views: 37.3ms | Allocations: 4818)


Started GET "/chris" for ::1 at 2021-08-09 15:08:20 -0700
Processing by ChrisController#chris as HTML
  Rendering layout layouts/application.html.erb
  Rendering chris/chris.html.erb within layouts/application
  Rendered chris/chris.html.erb within layouts/application (Duration: 0.3ms | Allocations: 41)
[Webpacker] Everything's up-to-date. Nothing to do
  Rendered layout layouts/application.html.erb (Duration: 23.9ms | Allocations: 3591)
Completed 200 OK in 31ms (Views: 30.1ms | Allocations: 4045)


Started GET "/main" for ::1 at 2021-08-09 15:12:47 -0700
Processing by MainController#main as HTML
DEPRECATION WARNING: Rendering actions with '.' in the name is deprecated: main/main.html.erb (called from main at /Users/learnacademy/Desktop/ruby-challenges/our_favorites/app/controllers/main_controller.rb:3)
  Rendering layout layouts/application.html.erb
  Rendering main/main.html.erb within layouts/application
  Rendered main/main.html.erb within layouts/application (Duration: 17.2ms | Allocations: 196)
[Webpacker] Everything's up-to-date. Nothing to do
  Rendered layout layouts/application.html.erb (Duration: 61.5ms | Allocations: 3959)
Completed 200 OK in 73ms (Views: 71.9ms | Allocations: 5324)


Started GET "/main" for ::1 at 2021-08-09 15:12:48 -0700
Processing by MainController#main as HTML
  Rendering layout layouts/application.html.erb
  Rendering main/main.html.erb within layouts/application
  Rendered main/main.html.erb within layouts/application (Duration: 0.6ms | Allocations: 69)
[Webpacker] Everything's up-to-date. Nothing to do
  Rendered layout layouts/application.html.erb (Duration: 81.1ms | Allocations: 3617)
Completed 200 OK in 99ms (Views: 95.5ms | Allocations: 4032)


Started GET "/chris" for ::1 at 2021-08-09 15:12:50 -0700
Processing by MainController#chris as HTML
  Rendering layout layouts/application.html.erb
  Rendering main/chris.html.erb within layouts/application
  Rendered main/chris.html.erb within layouts/application (Duration: 3.0ms | Allocations: 1491)
  Rendered layout layouts/application.html.erb (Duration: 3.7ms | Allocations: 1559)
Completed 500 Internal Server Error in 6ms (Allocations: 2065)


  
ActionView::Template::Error (undefined method `each' for nil:NilClass):
    1: <% @favorite.each do |value|%>
    2:     <%= value %>
    3: <% end %>
  
app/views/main/chris.html.erb:1
Started GET "/main" for ::1 at 2021-08-09 15:13:50 -0700
Processing by MainController#main as HTML
  Rendering layout layouts/application.html.erb
  Rendering main/main.html.erb within layouts/application
  Rendered main/main.html.erb within layouts/application (Duration: 2.7ms | Allocations: 79)
[Webpacker] Everything's up-to-date. Nothing to do
  Rendered layout layouts/application.html.erb (Duration: 59.0ms | Allocations: 3681)
Completed 200 OK in 110ms (Views: 98.3ms | Allocations: 4297)


Started GET "/galadoe" for ::1 at 2021-08-09 15:13:52 -0700
Processing by MainController#galadoe as HTML
  Rendering layout layouts/application.html.erb
  Rendering main/galadoe.html.erb within layouts/application
  Rendered main/galadoe.html.erb within layouts/application (Duration: 0.6ms | Allocations: 100)
[Webpacker] Everything's up-to-date. Nothing to do
  Rendered layout layouts/application.html.erb (Duration: 25.2ms | Allocations: 4242)
Completed 200 OK in 28ms (Views: 26.4ms | Allocations: 4783)


Started GET "/galadoe" for ::1 at 2021-08-09 15:14:08 -0700
Processing by MainController#galadoe as HTML
  Rendering layout layouts/application.html.erb
  Rendering main/galadoe.html.erb within layouts/application
  Rendered main/galadoe.html.erb within layouts/application (Duration: 0.1ms | Allocations: 40)
[Webpacker] Everything's up-to-date. Nothing to do
  Rendered layout layouts/application.html.erb (Duration: 29.0ms | Allocations: 3655)
Completed 200 OK in 34ms (Views: 32.7ms | Allocations: 4281)


Started GET "/main" for ::1 at 2021-08-09 15:14:11 -0700
Processing by MainController#main as HTML
  Rendering layout layouts/application.html.erb
  Rendering main/main.html.erb within layouts/application
  Rendered main/main.html.erb within layouts/application (Duration: 0.3ms | Allocations: 75)
[Webpacker] Everything's up-to-date. Nothing to do
  Rendered layout layouts/application.html.erb (Duration: 28.8ms | Allocations: 4217)
Completed 200 OK in 32ms (Views: 30.6ms | Allocations: 4635)


Started GET "/chris" for ::1 at 2021-08-09 15:14:13 -0700
Processing by MainController#chris as HTML
  Rendering layout layouts/application.html.erb
  Rendering main/chris.html.erb within layouts/application
  Rendered main/chris.html.erb within layouts/application (Duration: 2.3ms | Allocations: 1386)
  Rendered layout layouts/application.html.erb (Duration: 2.9ms | Allocations: 1454)
Completed 500 Internal Server Error in 5ms (Allocations: 1860)


  
ActionView::Template::Error (undefined method `each' for nil:NilClass):
    1: <% @favorite.each do |value|%>
    2:     <%= value %>
    3: <% end %>
  
app/views/main/chris.html.erb:1
Started GET "/main" for ::1 at 2021-08-09 15:14:21 -0700
Processing by MainController#main as HTML
  Rendering layout layouts/application.html.erb
  Rendering main/main.html.erb within layouts/application
  Rendered main/main.html.erb within layouts/application (Duration: 0.3ms | Allocations: 69)
[Webpacker] Everything's up-to-date. Nothing to do
  Rendered layout layouts/application.html.erb (Duration: 26.1ms | Allocations: 4223)
Completed 200 OK in 29ms (Views: 27.6ms | Allocations: 4638)


Started GET "/main" for ::1 at 2021-08-09 15:14:23 -0700
Processing by MainController#main as HTML
  Rendering layout layouts/application.html.erb
  Rendering main/main.html.erb within layouts/application
  Rendered main/main.html.erb within layouts/application (Duration: 0.2ms | Allocations: 69)
[Webpacker] Everything's up-to-date. Nothing to do
  Rendered layout layouts/application.html.erb (Duration: 12.4ms | Allocations: 3628)
Completed 200 OK in 16ms (Views: 13.6ms | Allocations: 4044)


Started GET "/chris" for ::1 at 2021-08-09 15:14:24 -0700
Processing by MainController#chris as HTML
  Rendering layout layouts/application.html.erb
  Rendering main/chris.html.erb within layouts/application
  Rendered main/chris.html.erb within layouts/application (Duration: 3.3ms | Allocations: 1386)
  Rendered layout layouts/application.html.erb (Duration: 4.8ms | Allocations: 1454)
Completed 500 Internal Server Error in 7ms (Allocations: 1884)


  
ActionView::Template::Error (undefined method `each' for nil:NilClass):
    1: <% @favorite.each do |value|%>
    2:     <%= value %>
    3: <% end %>
  
app/views/main/chris.html.erb:1
Started GET "/main" for ::1 at 2021-08-09 15:14:29 -0700
Processing by MainController#main as HTML
  Rendering layout layouts/application.html.erb
  Rendering main/main.html.erb within layouts/application
  Rendered main/main.html.erb within layouts/application (Duration: 2.5ms | Allocations: 497)
[Webpacker] Everything's up-to-date. Nothing to do
  Rendered layout layouts/application.html.erb (Duration: 32.2ms | Allocations: 4197)
Completed 200 OK in 35ms (Views: 33.4ms | Allocations: 4644)


Started GET "/galadoe" for ::1 at 2021-08-09 15:14:30 -0700
Processing by MainController#galadoe as HTML
  Rendering layout layouts/application.html.erb
  Rendering main/galadoe.html.erb within layouts/application
  Rendered main/galadoe.html.erb within layouts/application (Duration: 0.1ms | Allocations: 38)
[Webpacker] Everything's up-to-date. Nothing to do
  Rendered layout layouts/application.html.erb (Duration: 26.8ms | Allocations: 4174)
Completed 200 OK in 30ms (Views: 29.0ms | Allocations: 4615)


Started GET "/sarah" for ::1 at 2021-08-09 15:14:33 -0700
Processing by MainController#sarah as HTML
  Rendering layout layouts/application.html.erb
  Rendering main/sarah.html.erb within layouts/application
  Rendered main/sarah.html.erb within layouts/application (Duration: 2.3ms | Allocations: 97)
[Webpacker] Everything's up-to-date. Nothing to do
  Rendered layout layouts/application.html.erb (Duration: 24.8ms | Allocations: 4227)
Completed 200 OK in 28ms (Views: 25.8ms | Allocations: 4768)


Started GET "/main" for ::1 at 2021-08-09 15:15:47 -0700
Processing by MainController#main as HTML
DEPRECATION WARNING: Rendering actions with '.' in the name is deprecated: main/main.html.erb (called from main at /Users/learnacademy/Desktop/ruby-challenges/our_favorites/app/controllers/main_controller.rb:3)
  Rendering layout layouts/application.html.erb
  Rendering main/main.html.erb within layouts/application
  Rendered main/main.html.erb within layouts/application (Duration: 1.9ms | Allocations: 199)
[Webpacker] Everything's up-to-date. Nothing to do
  Rendered layout layouts/application.html.erb (Duration: 27.9ms | Allocations: 3972)
Completed 200 OK in 36ms (Views: 34.3ms | Allocations: 5342)


Started GET "/sarah" for ::1 at 2021-08-09 15:15:50 -0700
Processing by MainController#sarah as HTML
  Rendering layout layouts/application.html.erb
  Rendering main/sarah.html.erb within layouts/application
  Rendered main/sarah.html.erb within layouts/application (Duration: 2.0ms | Allocations: 1490)
  Rendered layout layouts/application.html.erb (Duration: 2.6ms | Allocations: 1558)
Completed 500 Internal Server Error in 7ms (Allocations: 2064)


  
ActionView::Template::Error (undefined method `each' for nil:NilClass):
    1: <% @favorite.each do |value|%>
    2:     <%= value %>
    3: <% end %>
  
app/views/main/sarah.html.erb:1
Started GET "/main" for ::1 at 2021-08-09 15:18:11 -0700
Processing by MainController#main as HTML
  Rendering layout layouts/application.html.erb
  Rendering main/main.html.erb within layouts/application
  Rendered main/main.html.erb within layouts/application (Duration: 0.5ms | Allocations: 79)
[Webpacker] Everything's up-to-date. Nothing to do
  Rendered layout layouts/application.html.erb (Duration: 49.5ms | Allocations: 3681)
Completed 200 OK in 56ms (Views: 53.9ms | Allocations: 4284)


Started GET "/chris" for ::1 at 2021-08-09 15:18:13 -0700
Processing by MainController#chris as HTML
  Rendering layout layouts/application.html.erb
  Rendering main/chris.html.erb within layouts/application
  Rendered main/chris.html.erb within layouts/application (Duration: 3.2ms | Allocations: 1491)
  Rendered layout layouts/application.html.erb (Duration: 3.6ms | Allocations: 1559)
Completed 500 Internal Server Error in 8ms (Allocations: 2065)


  
ActionView::Template::Error (undefined method `each' for nil:NilClass):
    1: <% @favorite.each do |value|%>
    2:     <%= value %>
    3: <% end %>
  
app/views/main/chris.html.erb:1
Started GET "/main" for ::1 at 2021-08-09 15:19:55 -0700
Processing by MainController#main as HTML
DEPRECATION WARNING: Rendering actions with '.' in the name is deprecated: main/main.html.erb (called from main at /Users/learnacademy/Desktop/ruby-challenges/our_favorites/app/controllers/main_controller.rb:3)
  Rendering layout layouts/application.html.erb
  Rendering main/main.html.erb within layouts/application
  Rendered main/main.html.erb within layouts/application (Duration: 3.1ms | Allocations: 196)
[Webpacker] Everything's up-to-date. Nothing to do
  Rendered layout layouts/application.html.erb (Duration: 57.9ms | Allocations: 3969)
Completed 200 OK in 108ms (Views: 100.4ms | Allocations: 5351)


Started GET "/main" for ::1 at 2021-08-09 15:19:57 -0700
Processing by MainController#main as HTML
  Rendering layout layouts/application.html.erb
  Rendering main/main.html.erb within layouts/application
  Rendered main/main.html.erb within layouts/application (Duration: 0.2ms | Allocations: 69)
[Webpacker] Everything's up-to-date. Nothing to do
  Rendered layout layouts/application.html.erb (Duration: 15.5ms | Allocations: 3617)
Completed 200 OK in 18ms (Views: 16.8ms | Allocations: 4032)


Started GET "/chris" for ::1 at 2021-08-09 15:20:02 -0700
Processing by ChrisController#chris as HTML
DEPRECATION WARNING: Rendering actions with '.' in the name is deprecated: chris/chris.html.erb (called from chris at /Users/learnacademy/Desktop/ruby-challenges/our_favorites/app/controllers/chris_controller.rb:4)
  Rendering layout layouts/application.html.erb
  Rendering chris/chris.html.erb within layouts/application
  Rendered chris/chris.html.erb within layouts/application (Duration: 0.7ms | Allocations: 147)
[Webpacker] Everything's up-to-date. Nothing to do
  Rendered layout layouts/application.html.erb (Duration: 21.7ms | Allocations: 4340)
Completed 200 OK in 31ms (Views: 29.6ms | Allocations: 5486)


Started GET "/chris" for ::1 at 2021-08-09 15:20:08 -0700
Processing by ChrisController#chris as HTML
  Rendering layout layouts/application.html.erb
  Rendering chris/chris.html.erb within layouts/application
  Rendered chris/chris.html.erb within layouts/application (Duration: 0.2ms | Allocations: 41)
[Webpacker] Everything's up-to-date. Nothing to do
  Rendered layout layouts/application.html.erb (Duration: 17.6ms | Allocations: 3590)
Completed 200 OK in 20ms (Views: 19.4ms | Allocations: 4011)


